<?xml version="1.0" encoding="UTF-8"?>
<testng-results skipped="0" failed="0" total="1" passed="1">
  <reporter-output>
  </reporter-output>
  <suite name="Default suite" duration-ms="11262" started-at="2020-07-28T09:39:18Z" finished-at="2020-07-28T09:39:29Z">
    <groups>
    </groups>
    <test name="Default test" duration-ms="11262" started-at="2020-07-28T09:39:18Z" finished-at="2020-07-28T09:39:29Z">
      <class name="testpackage.MavenTest1">
        <test-method status="PASS" signature="beforeTest()[pri:0, instance:testpackage.MavenTest1@61832929]" name="beforeTest" is-config="true" duration-ms="11" started-at="2020-07-28T15:09:18Z" finished-at="2020-07-28T15:09:18Z">
          <reporter-output>
          </reporter-output>
        </test-method> <!-- beforeTest -->
        <test-method status="PASS" signature="test()[pri:0, instance:testpackage.MavenTest1@61832929]" name="test" duration-ms="10409" started-at="2020-07-28T15:09:18Z" finished-at="2020-07-28T15:09:28Z">
          <reporter-output>
          </reporter-output>
        </test-method> <!-- test -->
        <test-method status="PASS" signature="afterTest()[pri:0, instance:testpackage.MavenTest1@61832929]" name="afterTest" is-config="true" duration-ms="825" started-at="2020-07-28T15:09:28Z" finished-at="2020-07-28T15:09:29Z">
          <reporter-output>
          </reporter-output>
        </test-method> <!-- afterTest -->
      </class> <!-- testpackage.MavenTest1 -->
    </test> <!-- Default test -->
  </suite> <!-- Default suite -->
</testng-results>
